\BOOKMARK [0][-]{chapter*.2}{About}{}% 1
\BOOKMARK [0][-]{chapter*.3}{\040Ghee}{}% 2
\BOOKMARK [0][-]{chapter*.4}{\040Dal}{}% 3
\BOOKMARK [0][-]{chapter*.5}{\040Preserved\040Lemons:\040Part\0401}{}% 4
\BOOKMARK [0][-]{chapter*.6}{\040Summer\040Salad}{}% 5
\BOOKMARK [0][-]{chapter*.7}{\040Tabbouleh}{}% 6
\BOOKMARK [0][-]{chapter*.8}{\040Preserved\040Lemons:\040Part\0402}{}% 7
\BOOKMARK [0][-]{chapter*.9}{\040Shakshouka}{}% 8
\BOOKMARK [0][-]{chapter*.10}{\040Tamago\040Kake\040Gohan}{}% 9
\BOOKMARK [0][-]{chapter*.11}{\040Kimchi:\040Part\0401}{}% 10
\BOOKMARK [0][-]{chapter*.12}{\040Juk}{}% 11
\BOOKMARK [0][-]{chapter*.13}{\040Kimchi:\040Part\0402}{}% 12
\BOOKMARK [0][-]{chapter*.14}{\040Sichuan\040Dry-Fried\040String\040Beans}{}% 13
\BOOKMARK [0][-]{chapter*.15}{\040Kimchi:\040Part\0403}{}% 14
\BOOKMARK [0][-]{chapter*.16}{\040Mul-Naengmyeon}{}% 15
\BOOKMARK [0][-]{chapter*.17}{\040Okonomiyaki}{}% 16
\BOOKMARK [0][-]{chapter*.18}{\040Orange\040Sauce}{}% 17
\BOOKMARK [0][-]{chapter*.19}{\040Green\040Chili}{}% 18
\BOOKMARK [0][-]{chapter*.20}{\040Baba\040Ganoush}{}% 19
\BOOKMARK [0][-]{chapter*.21}{\040Preserved\040Lemons:\040Part\0403}{}% 20
\BOOKMARK [0][-]{chapter*.22}{\040Mac\040&\040Cheese}{}% 21
\BOOKMARK [0][-]{chapter*.23}{\040Bananas\040Foster}{}% 22
\BOOKMARK [0][-]{chapter*.24}{Glossary}{}% 23
\BOOKMARK [0][-]{chapter*.25}{Recipes}{}% 24
\BOOKMARK [1][-]{section*.26}{Ghee}{chapter*.25}% 25
\BOOKMARK [1][-]{section*.26}{Dal}{chapter*.25}% 26
\BOOKMARK [1][-]{section*.26}{Preserved\040Lemons}{chapter*.25}% 27
\BOOKMARK [1][-]{section*.26}{Summer\040Salad}{chapter*.25}% 28
\BOOKMARK [1][-]{section*.26}{Tabbouleh}{chapter*.25}% 29
\BOOKMARK [1][-]{section*.26}{Shakshouka}{chapter*.25}% 30
\BOOKMARK [1][-]{section*.26}{Tamago\040Kake\040Gohan}{chapter*.25}% 31
\BOOKMARK [1][-]{section*.26}{Baechu\040Kimchi}{chapter*.25}% 32
\BOOKMARK [1][-]{section*.26}{Dongchimi\040and\040Mulkimchi}{chapter*.25}% 33
\BOOKMARK [1][-]{section*.26}{Oisobagi}{chapter*.25}% 34
\BOOKMARK [1][-]{section*.26}{Juk}{chapter*.25}% 35
\BOOKMARK [1][-]{section*.26}{Sichuan\040Dry-Fried\040String\040Beans}{chapter*.25}% 36
\BOOKMARK [1][-]{section*.26}{Mul-naengmyeon}{chapter*.25}% 37
\BOOKMARK [1][-]{section*.26}{Okonomiyaki}{chapter*.25}% 38
\BOOKMARK [1][-]{section*.26}{Orange\040Sauce}{chapter*.25}% 39
\BOOKMARK [1][-]{section*.26}{Green\040Chili}{chapter*.25}% 40
\BOOKMARK [1][-]{section*.26}{Snazzy\040Beans}{chapter*.25}% 41
\BOOKMARK [1][-]{section*.26}{Baba\040Ganoush}{chapter*.25}% 42
\BOOKMARK [1][-]{section*.26}{Mac\040&\040Cheese}{chapter*.25}% 43
\BOOKMARK [1][-]{section*.26}{Bananas\040Foster}{chapter*.25}% 44
